Determining if the pthread_create exist failed with the following output:
Change Dir: /home/arc/ros_ws/src/v4r_seg/CMakeFiles/CMakeTmp

Run Build Command:/usr/bin/make "cmTryCompileExec1498030004/fast"
/usr/bin/make -f CMakeFiles/cmTryCompileExec1498030004.dir/build.make CMakeFiles/cmTryCompileExec1498030004.dir/build
make[1]: Entering directory `/home/arc/ros_ws/src/v4r_seg/CMakeFiles/CMakeTmp'
/usr/bin/cmake -E cmake_progress_report /home/arc/ros_ws/src/v4r_seg/CMakeFiles/CMakeTmp/CMakeFiles 1
Building C object CMakeFiles/cmTryCompileExec1498030004.dir/CheckSymbolExists.c.o
/usr/bin/cc    -o CMakeFiles/cmTryCompileExec1498030004.dir/CheckSymbolExists.c.o   -c /home/arc/ros_ws/src/v4r_seg/CMakeFiles/CMakeTmp/CheckSymbolExists.c
Linking C executable cmTryCompileExec1498030004
/usr/bin/cmake -E cmake_link_script CMakeFiles/cmTryCompileExec1498030004.dir/link.txt --verbose=1
/usr/bin/cc       CMakeFiles/cmTryCompileExec1498030004.dir/CheckSymbolExists.c.o  -o cmTryCompileExec1498030004 -rdynamic 
CMakeFiles/cmTryCompileExec1498030004.dir/CheckSymbolExists.c.o: In function `main':
CheckSymbolExists.c:(.text+0x16): undefined reference to `pthread_create'
collect2: error: ld returned 1 exit status
make[1]: Leaving directory `/home/arc/ros_ws/src/v4r_seg/CMakeFiles/CMakeTmp'
make[1]: *** [cmTryCompileExec1498030004] Error 1
make: *** [cmTryCompileExec1498030004/fast] Error 2

File /home/arc/ros_ws/src/v4r_seg/CMakeFiles/CMakeTmp/CheckSymbolExists.c:
/* */
#include <pthread.h>

int main(int argc, char** argv)
{
  (void)argv;
#ifndef pthread_create
  return ((int*)(&pthread_create))[argc];
#else
  (void)argc;
  return 0;
#endif
}

Determining if the function pthread_create exists in the pthreads failed with the following output:
Change Dir: /home/arc/ros_ws/src/v4r_seg/CMakeFiles/CMakeTmp

Run Build Command:/usr/bin/make "cmTryCompileExec3490152612/fast"
/usr/bin/make -f CMakeFiles/cmTryCompileExec3490152612.dir/build.make CMakeFiles/cmTryCompileExec3490152612.dir/build
make[1]: Entering directory `/home/arc/ros_ws/src/v4r_seg/CMakeFiles/CMakeTmp'
/usr/bin/cmake -E cmake_progress_report /home/arc/ros_ws/src/v4r_seg/CMakeFiles/CMakeTmp/CMakeFiles 1
Building C object CMakeFiles/cmTryCompileExec3490152612.dir/CheckFunctionExists.c.o
/usr/bin/cc   -DCHECK_FUNCTION_EXISTS=pthread_create   -o CMakeFiles/cmTryCompileExec3490152612.dir/CheckFunctionExists.c.o   -c /usr/share/cmake-2.8/Modules/CheckFunctionExists.c
Linking C executable cmTryCompileExec3490152612
/usr/bin/cmake -E cmake_link_script CMakeFiles/cmTryCompileExec3490152612.dir/link.txt --verbose=1
/usr/bin/cc   -DCHECK_FUNCTION_EXISTS=pthread_create    CMakeFiles/cmTryCompileExec3490152612.dir/CheckFunctionExists.c.o  -o cmTryCompileExec3490152612 -rdynamic -lpthreads 
/usr/bin/ld: cannot find -lpthreads
collect2: error: ld returned 1 exit status
make[1]: Leaving directory `/home/arc/ros_ws/src/v4r_seg/CMakeFiles/CMakeTmp'
make[1]: *** [cmTryCompileExec3490152612] Error 1
make: *** [cmTryCompileExec3490152612/fast] Error 2


